<?xml version="1.0" encoding="UTF-8"?>
<!-- Generated by org.testng.reporters.JUnitReportReporter -->
<testsuite hostname="DESKTOP-9LLI94A" failures="0" tests="3" name="testng.DependOnPriority" time="0.014" errors="0" timestamp="2022-09-23T11:07:11 IST" skipped="0">
  <testcase classname="testng.DependOnPriority" name="createuser" time="0.010"/>
  <system-out/>
  <testcase classname="testng.DependOnPriority" name="modifyuser" time="0.003"/>
  <system-out/>
  <testcase classname="testng.DependOnPriority" name="deleteuser" time="0.001"/>
  <system-out/>
</testsuite> <!-- testng.DependOnPriority -->
