<?xml version="1.0" encoding="UTF-8"?>
<!-- Generated by org.testng.reporters.JUnitReportReporter -->
<testsuite hostname="DESKTOP-9LLI94A" failures="0" tests="1" name="webelementinterface.SwitchToMethodForActiveElement" time="9.597" errors="0" timestamp="2022-09-15T11:38:50 IST" skipped="0">
  <testcase classname="webelementinterface.SwitchToMethodForActiveElement" name="EnterTextintoFocussedElement" time="9.597"/>
  <system-out/>
</testsuite> <!-- webelementinterface.SwitchToMethodForActiveElement -->
