<?xml version="1.0" encoding="UTF-8"?>
<!-- Generated by org.testng.reporters.JUnitReportReporter -->
<testsuite hostname="DESKTOP-9LLI94A" failures="0" tests="3" name="webelementinterface.DiffWaysOfClickingElement" time="16.992" errors="0" timestamp="2022-09-14T22:04:55 IST" skipped="0">
  <testcase classname="webelementinterface.DiffWaysOfClickingElement" name="verifyClickingAbuttonUsingSendeys" time="4.839"/>
  <system-out/>
  <testcase classname="webelementinterface.DiffWaysOfClickingElement" name="verifyClickingAbuttonUsingSubmit" time="4.680"/>
  <system-out/>
  <testcase classname="webelementinterface.DiffWaysOfClickingElement" name="verifyClickingAbuttonUsingClick" time="7.473"/>
  <system-out/>
</testsuite> <!-- webelementinterface.DiffWaysOfClickingElement -->
