<?xml version="1.0" encoding="UTF-8"?>
<!-- Generated by org.testng.reporters.JUnitReportReporter -->
<testsuite hostname="DESKTOP-9LLI94A" failures="0" tests="3" name="testng.InvocationCountAttribute" time="0.024" errors="0" timestamp="2022-09-24T13:21:47 IST" skipped="0">
  <testcase classname="testng.InvocationCountAttribute" name="createuser" time="0.005"/>
  <system-out/>
  <testcase classname="testng.InvocationCountAttribute" name="deleteuser" time="0.002"/>
  <system-out/>
  <testcase classname="testng.InvocationCountAttribute" name="createuser" time="0.017"/>
  <system-out/>
</testsuite> <!-- testng.InvocationCountAttribute -->
