<?xml version="1.0" encoding="UTF-8"?>
<!-- Generated by org.testng.reporters.JUnitReportReporter -->
<testsuite hostname="DESKTOP-9LLI94A" failures="0" tests="1" name="actioncalss.ContextClickMethod" time="12.805" errors="0" timestamp="2022-09-22T09:27:00 IST" skipped="0">
  <testcase classname="actioncalss.ContextClickMethod" name="verifyContextClickusingActionsClass" time="12.805"/>
  <system-out/>
</testsuite> <!-- actioncalss.ContextClickMethod -->
