<?xml version="1.0" encoding="UTF-8"?>
<!-- Generated by org.testng.reporters.JUnitReportReporter -->
<testsuite hostname="DESKTOP-9LLI94A" failures="0" tests="2" name="testng.AnnotationSequence" time="0.007" errors="0" timestamp="2022-09-23T10:51:01 IST" skipped="0">
  <testcase classname="testng.AnnotationSequence" name="run" time="0.005"/>
  <system-out/>
  <testcase classname="testng.AnnotationSequence" name="run1" time="0.002"/>
  <system-out/>
</testsuite> <!-- testng.AnnotationSequence -->
