<?xml version="1.0" encoding="UTF-8"?>
<!-- Generated by org.testng.reporters.JUnitReportReporter -->
<testsuite hostname="DESKTOP-9LLI94A" failures="0" tests="1" name="selectclass.printUniqueElementinthelistbox" time="3.715" errors="0" timestamp="2022-09-19T14:22:27 IST" skipped="0">
  <testcase classname="selectclass.printUniqueElementinthelistbox" name="verifyprintUniqueElementinthelistbox" time="3.715"/>
  <system-out/>
</testsuite> <!-- selectclass.printUniqueElementinthelistbox -->
