<?xml version="1.0" encoding="UTF-8"?>
<!-- Generated by org.testng.reporters.JUnitReportReporter -->
<testsuite hostname="DESKTOP-9LLI94A" failures="0" tests="1" name="javascriptexecutor.TextInDisabledTextBox" time="8.932" errors="0" timestamp="2022-09-15T14:39:49 IST" skipped="0">
  <testcase classname="javascriptexecutor.TextInDisabledTextBox" name="enterTextinDisabledTextbox" time="8.932"/>
  <system-out/>
</testsuite> <!-- javascriptexecutor.TextInDisabledTextBox -->
