<?xml version="1.0" encoding="UTF-8"?>
<!-- Generated by org.testng.reporters.JUnitReportReporter -->
<testsuite hostname="DESKTOP-9LLI94A" failures="0" tests="1" name="framehandling.Frames" time="20.675" errors="0" timestamp="2022-09-19T15:55:40 IST" skipped="0">
  <testcase classname="framehandling.Frames" name="frameDemo" time="20.675"/>
  <system-out/>
</testsuite> <!-- framehandling.Frames -->
