<?xml version="1.0" encoding="UTF-8"?>
<!-- Generated by org.testng.reporters.JUnitReportReporter -->
<testsuite hostname="DESKTOP-9LLI94A" failures="0" tests="1" name="selenium_8_locators.LinkText_And_PartialLinkText" time="16.615" errors="0" timestamp="2022-09-13T15:56:47 IST" skipped="0">
  <testcase classname="selenium_8_locators.LinkText_And_PartialLinkText" name="partial_linkText_Locator" time="16.615"/>
  <system-out/>
</testsuite> <!-- selenium_8_locators.LinkText_And_PartialLinkText -->
