<?xml version="1.0" encoding="UTF-8"?>
<!-- Generated by org.testng.reporters.JUnitReportReporter -->
<testsuite hostname="DESKTOP-9LLI94A" failures="0" tests="1" name="actioncalss.DragAndDrop" time="7.815" errors="0" timestamp="2022-09-22T09:27:17 IST" skipped="0">
  <testcase classname="actioncalss.DragAndDrop" name="verifyDragAndDropExample" time="7.815"/>
  <system-out/>
</testsuite> <!-- actioncalss.DragAndDrop -->
