<?xml version="1.0" encoding="UTF-8"?>
<!-- Generated by org.testng.reporters.JUnitReportReporter -->
<testsuite hostname="DESKTOP-9LLI94A" failures="0" tests="1" name="webtable.WebtableExample" time="4.936" errors="0" timestamp="2022-09-22T10:40:52 IST" skipped="0">
  <testcase classname="webtable.WebtableExample" name="webtable" time="4.936"/>
  <system-out/>
</testsuite> <!-- webtable.WebtableExample -->
