<?xml version="1.0" encoding="UTF-8"?>
<!-- Generated by org.testng.reporters.JUnitReportReporter -->
<testsuite hostname="DESKTOP-9LLI94A" failures="0" tests="1" name="com.bridgelabz.webelementinterface.MethodaOfWebElementInterface" time="37.525" errors="0" timestamp="2022-09-09T15:20:59 IST" skipped="0">
  <testcase classname="com.bridgelabz.webelementinterface.MethodaOfWebElementInterface" name="getTagNameMethodofwebelement" time="37.525"/>
  <system-out/>
</testsuite> <!-- com.bridgelabz.webelementinterface.MethodaOfWebElementInterface -->
