<?xml version="1.0" encoding="UTF-8"?>
<!-- Generated by org.testng.reporters.JUnitReportReporter -->
<testsuite hostname="DESKTOP-9LLI94A" failures="0" tests="1" name="com.bridgelabz.webelementinterface.GetCSSValueMethod" time="10.222" errors="0" timestamp="2022-09-10T16:27:22 IST" skipped="0">
  <testcase classname="com.bridgelabz.webelementinterface.GetCSSValueMethod" name="getCSSValue" time="10.222"/>
  <system-out/>
</testsuite> <!-- com.bridgelabz.webelementinterface.GetCSSValueMethod -->
