<?xml version="1.0" encoding="UTF-8"?>
<!-- Generated by org.testng.reporters.JUnitReportReporter -->
<testsuite hostname="DESKTOP-9LLI94A" failures="0" tests="3" name="testng.InvocationCountAttribute$DependOnPriority" time="0.011" errors="0" timestamp="2022-09-24T13:19:48 IST" skipped="0">
  <testcase classname="testng.InvocationCountAttribute$DependOnPriority" name="createuser" time="0.002"/>
  <system-out/>
  <testcase classname="testng.InvocationCountAttribute$DependOnPriority" name="deleteuser" time="0.003"/>
  <system-out/>
  <testcase classname="testng.InvocationCountAttribute$DependOnPriority" name="createuser" time="0.006"/>
  <system-out/>
</testsuite> <!-- testng.InvocationCountAttribute$DependOnPriority -->
