<?xml version="1.0" encoding="UTF-8"?>
<!-- Generated by org.testng.reporters.JUnitReportReporter -->
<testsuite hostname="DESKTOP-9LLI94A" failures="0" tests="1" name="com.bridgelabz.webelementinterface.GetRectMethod" time="8.623" errors="0" timestamp="2022-09-10T16:35:45 IST" skipped="0">
  <testcase classname="com.bridgelabz.webelementinterface.GetRectMethod" name="getRect" time="8.623"/>
  <system-out/>
</testsuite> <!-- com.bridgelabz.webelementinterface.GetRectMethod -->
