<?xml version="1.0" encoding="UTF-8"?>
<!-- Generated by org.testng.reporters.JUnitReportReporter -->
<testsuite hostname="DESKTOP-9LLI94A" failures="0" tests="1" name="selectclass.Autosuggestionlistbox" time="11.938" errors="0" timestamp="2022-09-23T10:59:14 IST" skipped="0">
  <testcase classname="selectclass.Autosuggestionlistbox" name="autosuggestionlistbox" time="11.938"/>
  <system-out/>
</testsuite> <!-- selectclass.Autosuggestionlistbox -->
