<?xml version="1.0" encoding="UTF-8"?>
<!-- Generated by org.testng.reporters.JUnitReportReporter -->
<testsuite hostname="DESKTOP-9LLI94A" failures="0" tests="1" name="selectclass.PrinttheDUPLICATEItem_intheList_HashSet" time="3.386" errors="0" timestamp="2022-09-19T14:29:36 IST" skipped="0">
  <testcase classname="selectclass.PrinttheDUPLICATEItem_intheList_HashSet" name="printtheDUPLICATEItem_intheList_HashSet" time="3.386"/>
  <system-out/>
</testsuite> <!-- selectclass.PrinttheDUPLICATEItem_intheList_HashSet -->
