<?xml version="1.0" encoding="UTF-8"?>
<!-- Generated by org.testng.reporters.JUnitReportReporter -->
<testsuite hostname="DESKTOP-9LLI94A" failures="0" tests="1" name="javascriptexecutor.TextInDisabledTextBox" time="11.083" errors="0" timestamp="2022-09-19T15:59:18 IST" skipped="0">
  <testcase classname="javascriptexecutor.TextInDisabledTextBox" name="enterTextinDisabledTextbox" time="11.083"/>
  <system-out/>
</testsuite> <!-- javascriptexecutor.TextInDisabledTextBox -->
