<?xml version="1.0" encoding="UTF-8"?>
<!-- Generated by org.testng.reporters.JUnitReportReporter -->
<testsuite hostname="DESKTOP-9LLI94A" failures="0" tests="1" name="handlingpopups.HandleTabs_using_getWindowHandles" time="15.695" errors="0" timestamp="2022-09-19T13:56:19 IST" skipped="0">
  <testcase classname="handlingpopups.HandleTabs_using_getWindowHandles" name="handleTabs_using_getWindowHandles" time="15.695"/>
  <system-out/>
</testsuite> <!-- handlingpopups.HandleTabs_using_getWindowHandles -->
