<?xml version="1.0" encoding="UTF-8"?>
<!-- Generated by org.testng.reporters.JUnitReportReporter -->
<testsuite hostname="DESKTOP-9LLI94A" failures="0" tests="1" name="actioncalss.DropdownMenu" time="8.342" errors="0" timestamp="2022-09-22T09:35:04 IST" skipped="0">
  <testcase classname="actioncalss.DropdownMenu" name="dropdownMenu" time="8.342"/>
  <system-out/>
</testsuite> <!-- actioncalss.DropdownMenu -->
