<?xml version="1.0" encoding="UTF-8"?>
<!-- Generated by org.testng.reporters.JUnitReportReporter -->
<testsuite hostname="DESKTOP-9LLI94A" failures="0" tests="1" name="selectclass.ChecklisthasDUPLICATEvalues_HashSet" time="4.221" errors="0" timestamp="2022-09-19T14:27:32 IST" skipped="0">
  <testcase classname="selectclass.ChecklisthasDUPLICATEvalues_HashSet" name="checklisthasDUPLICATEvalues_HashSet" time="4.221"/>
  <system-out/>
</testsuite> <!-- selectclass.ChecklisthasDUPLICATEvalues_HashSet -->
