<?xml version="1.0" encoding="UTF-8"?>
<!-- Generated by org.testng.reporters.JUnitReportReporter -->
<testsuite hostname="DESKTOP-9LLI94A" failures="0" tests="1" name="handlingpopups.ClosedAnySpecifiedBrowser" time="17.737" errors="0" timestamp="2022-09-22T10:15:07 IST" skipped="0">
  <testcase classname="handlingpopups.ClosedAnySpecifiedBrowser" name="closeAnySpecifiedBrowser" time="17.737"/>
  <system-out/>
</testsuite> <!-- handlingpopups.ClosedAnySpecifiedBrowser -->
