<?xml version="1.0" encoding="UTF-8"?>
<!-- Generated by org.testng.reporters.JUnitReportReporter -->
<testsuite hostname="DESKTOP-9LLI94A" failures="0" tests="1" name="selectclass.ListBox_Example" time="6.169" errors="0" timestamp="2022-09-19T16:22:32 IST" skipped="0">
  <testcase classname="selectclass.ListBox_Example" name="listBoxExample" time="6.169"/>
  <system-out/>
</testsuite> <!-- selectclass.ListBox_Example -->
