<?xml version="1.0" encoding="UTF-8"?>
<!-- Generated by org.testng.reporters.JUnitReportReporter -->
<testsuite hostname="DESKTOP-9LLI94A" failures="0" tests="1" name="nokari.com.siteelementbyxpath.ElementByXpath" time="31.734" errors="0" timestamp="2022-09-13T12:46:29 IST" skipped="0">
  <testcase classname="nokari.com.siteelementbyxpath.ElementByXpath" name="registerPageOfNokariSite" time="31.734"/>
  <system-out/>
</testsuite> <!-- nokari.com.siteelementbyxpath.ElementByXpath -->
