<?xml version="1.0" encoding="UTF-8"?>
<!-- Generated by org.testng.reporters.JUnitReportReporter -->
<testsuite hostname="DESKTOP-9LLI94A" failures="0" tests="1" name="handlingpopups.DownloadFilePopup" time="35.015" errors="0" timestamp="2022-09-22T17:00:10 IST" skipped="0">
  <testcase classname="handlingpopups.DownloadFilePopup" name="auto_It" time="35.015"/>
  <system-out/>
</testsuite> <!-- handlingpopups.DownloadFilePopup -->
