<?xml version="1.0" encoding="UTF-8"?>
<!-- Generated by org.testng.reporters.JUnitReportReporter -->
<testsuite hostname="DESKTOP-9LLI94A" failures="0" tests="1" name="handlingpopups.ChildBrowserPopup" time="47.379" errors="0" timestamp="2022-09-22T10:11:29 IST" skipped="0">
  <testcase classname="handlingpopups.ChildBrowserPopup" name="verifyChildBrowserPopup" time="47.379"/>
  <system-out/>
</testsuite> <!-- handlingpopups.ChildBrowserPopup -->
