<?xml version="1.0" encoding="UTF-8"?>
<!-- Generated by org.testng.reporters.JUnitReportReporter -->
<testsuite hostname="DESKTOP-9LLI94A" failures="0" tests="1" name="selectclass.PrintUniqueElement_Sorted" time="3.624" errors="0" timestamp="2022-09-19T14:25:11 IST" skipped="0">
  <testcase classname="selectclass.PrintUniqueElement_Sorted" name="printUniqueElementSorted" time="3.624"/>
  <system-out/>
</testsuite> <!-- selectclass.PrintUniqueElement_Sorted -->
