<?xml version="1.0" encoding="UTF-8"?>
<!-- Generated by org.testng.reporters.JUnitReportReporter -->
<testsuite hostname="DESKTOP-9LLI94A" failures="0" tests="1" name="requiredpage_title_url.HomepageUsingTitle_Url" time="5.643" errors="0" timestamp="2022-09-14T21:38:01 IST" skipped="0">
  <testcase classname="requiredpage_title_url.HomepageUsingTitle_Url" name="verifyHomePageByUniqueElement" time="5.643"/>
  <system-out/>
</testsuite> <!-- requiredpage_title_url.HomepageUsingTitle_Url -->
