<?xml version="1.0" encoding="UTF-8"?>
<!-- Generated by org.testng.reporters.JUnitReportReporter -->
<testsuite hostname="DESKTOP-9LLI94A" failures="0" tests="1" name="selectclass.PrintOcuuranceOfPoori" time="4.005" errors="0" timestamp="2022-09-19T14:44:11 IST" skipped="0">
  <testcase classname="selectclass.PrintOcuuranceOfPoori" name="hashMapExample_printtheOcuuranceOfPoori" time="4.005"/>
  <system-out/>
</testsuite> <!-- selectclass.PrintOcuuranceOfPoori -->
