<?xml version="1.0" encoding="UTF-8"?>
<!-- Generated by org.testng.reporters.JUnitReportReporter -->
<testsuite hostname="DESKTOP-9LLI94A" failures="0" tests="1" name="handlingpopups.FileUploadPopup" time="12.746" errors="0" timestamp="2022-09-22T10:08:09 IST" skipped="0">
  <testcase classname="handlingpopups.FileUploadPopup" name="verifyFileUploadPopup" time="12.746"/>
  <system-out/>
</testsuite> <!-- handlingpopups.FileUploadPopup -->
