<?xml version="1.0" encoding="UTF-8"?>
<!-- Generated by org.testng.reporters.JUnitReportReporter -->
<testsuite hostname="DESKTOP-9LLI94A" failures="0" tests="1" name="webtable.WebtableStudentMarks" time="5.445" errors="0" timestamp="2022-09-23T10:29:39 IST" skipped="0">
  <testcase classname="webtable.WebtableStudentMarks" name="webTable_StudentMarks" time="5.445"/>
  <system-out/>
</testsuite> <!-- webtable.WebtableStudentMarks -->
