<?xml version="1.0" encoding="UTF-8"?>
<!-- Generated by org.testng.reporters.JUnitReportReporter -->
<testsuite hostname="DESKTOP-9LLI94A" failures="0" tests="1" name="selenium_8_locators.Name_Locator" time="24.378" errors="0" timestamp="2022-09-11T19:57:58 IST" skipped="0">
  <testcase classname="selenium_8_locators.Name_Locator" name="login" time="24.378"/>
  <system-out/>
</testsuite> <!-- selenium_8_locators.Name_Locator -->
