<?xml version="1.0" encoding="UTF-8"?>
<!-- Generated by org.testng.reporters.JUnitReportReporter -->
<testsuite hostname="DESKTOP-9LLI94A" failures="0" tests="2" name="testng.EnabledAtrribute" time="0.008" errors="0" timestamp="2022-09-24T13:24:11 IST" skipped="1">
  <testcase classname="testng.EnabledAtrribute" name="modifyuser" time="0.008"/>
  <system-out/>
  <testcase classname="testng.EnabledAtrribute" name="createuser">
    <skipped/>
  </testcase> <!-- createuser -->
  <system-out/>
</testsuite> <!-- testng.EnabledAtrribute -->
