<?xml version="1.0" encoding="UTF-8"?>
<!-- Generated by org.testng.reporters.JUnitReportReporter -->
<testsuite hostname="DESKTOP-9LLI94A" failures="0" tests="1" name="com.bridgelabz.webelementinterface.GetTextMethod" time="8.878" errors="0" timestamp="2022-09-10T14:46:30 IST" skipped="0">
  <testcase classname="com.bridgelabz.webelementinterface.GetTextMethod" name="getText" time="8.878"/>
  <system-out/>
</testsuite> <!-- com.bridgelabz.webelementinterface.GetTextMethod -->
