<?xml version="1.0" encoding="UTF-8"?>
<!-- Generated by org.testng.reporters.JUnitReportReporter -->
<testsuite hostname="DESKTOP-9LLI94A" failures="0" tests="1" name="selectclass.PrintListValue_SortedOrder" time="5.952" errors="0" timestamp="2022-09-19T16:23:20 IST" skipped="0">
  <testcase classname="selectclass.PrintListValue_SortedOrder" name="printListValues_SortedOrder" time="5.952"/>
  <system-out/>
</testsuite> <!-- selectclass.PrintListValue_SortedOrder -->
