<?xml version="1.0" encoding="UTF-8"?>
<!-- Generated by org.testng.reporters.JUnitReportReporter -->
<testsuite hostname="DESKTOP-9LLI94A" failures="0" tests="1" name="com.bridgelabz.webdriverinterface.MethodsOfWebDriverInterface" time="7.444" errors="0" timestamp="2022-09-09T14:00:16 IST" skipped="0">
  <testcase classname="com.bridgelabz.webdriverinterface.MethodsOfWebDriverInterface" name="getTitleURLPageSource" time="7.444"/>
  <system-out/>
</testsuite> <!-- com.bridgelabz.webdriverinterface.MethodsOfWebDriverInterface -->
