<?xml version="1.0" encoding="UTF-8"?>
<!-- Generated by org.testng.reporters.JUnitReportReporter -->
<testsuite hostname="DESKTOP-9LLI94A" failures="0" tests="1" name="selenium_8_locators.CssSelector_Locator" time="65.509" errors="0" timestamp="2022-09-13T15:55:44 IST" skipped="0">
  <testcase classname="selenium_8_locators.CssSelector_Locator" name="CreateAccount" time="65.509"/>
  <system-out/>
</testsuite> <!-- selenium_8_locators.CssSelector_Locator -->
