<?xml version="1.0" encoding="UTF-8"?>
<!-- Generated by org.testng.reporters.JUnitReportReporter -->
<testsuite hostname="DESKTOP-9LLI94A" failures="0" tests="1" name="com.bridgelabz.webelementinterface.GetAttributeMethod" time="12.445" errors="0" timestamp="2022-09-10T16:20:15 IST" skipped="0">
  <testcase classname="com.bridgelabz.webelementinterface.GetAttributeMethod" name="getAttribute" time="12.445"/>
  <system-out/>
</testsuite> <!-- com.bridgelabz.webelementinterface.GetAttributeMethod -->
