<?xml version="1.0" encoding="UTF-8"?>
<!-- Generated by org.testng.reporters.JUnitReportReporter -->
<testsuite hostname="DESKTOP-9LLI94A" failures="0" tests="1" name="webelementinterface.GetTagName" time="7.684" errors="0" timestamp="2022-09-14T21:57:55 IST" skipped="0">
  <testcase classname="webelementinterface.GetTagName" name="getTagName" time="7.684"/>
  <system-out/>
</testsuite> <!-- webelementinterface.GetTagName -->
