<?xml version="1.0" encoding="UTF-8"?>
<!-- Generated by org.testng.reporters.JUnitReportReporter -->
<testsuite hostname="DESKTOP-9LLI94A" failures="0" tests="1" name="com.bridgelabz.webelementinterface.GetTagName" time="6.599" errors="0" timestamp="2022-09-10T14:51:27 IST" skipped="0">
  <testcase classname="com.bridgelabz.webelementinterface.GetTagName" name="getTagName" time="6.599"/>
  <system-out/>
</testsuite> <!-- com.bridgelabz.webelementinterface.GetTagName -->
