<?xml version="1.0" encoding="UTF-8"?>
<!-- Generated by org.testng.reporters.JUnitReportReporter -->
<testsuite hostname="DESKTOP-9LLI94A" failures="0" tests="1" name="webtable.WebtableExample" time="5.199" errors="0" timestamp="2022-09-23T15:48:40 IST" skipped="0">
  <testcase classname="webtable.WebtableExample" name="webtable" time="5.199"/>
  <system-out/>
</testsuite> <!-- webtable.WebtableExample -->
