<?xml version="1.0" encoding="UTF-8"?>
<!-- Generated by org.testng.reporters.JUnitReportReporter -->
<testsuite hostname="DESKTOP-9LLI94A" failures="0" tests="1" name="selenium_8_locators.Name_Locator" time="29.153" errors="0" timestamp="2022-09-12T17:10:05 IST" skipped="0">
  <testcase classname="selenium_8_locators.Name_Locator" name="createAccount" time="29.153"/>
  <system-out/>
</testsuite> <!-- selenium_8_locators.Name_Locator -->
