<?xml version="1.0" encoding="UTF-8"?>
<!-- Generated by org.testng.reporters.JUnitReportReporter -->
<testsuite hostname="DESKTOP-9LLI94A" failures="0" tests="1" name="webelementinterface.GetAttributeMethod" time="8.782" errors="0" timestamp="2022-09-13T16:18:50 IST" skipped="0">
  <testcase classname="webelementinterface.GetAttributeMethod" name="getAttribute" time="8.782"/>
  <system-out/>
</testsuite> <!-- webelementinterface.GetAttributeMethod -->
