<?xml version="1.0" encoding="UTF-8"?>
<!-- Generated by org.testng.reporters.JUnitReportReporter -->
<testsuite hostname="DESKTOP-9LLI94A" failures="0" tests="1" name="webelementinterface.GetCSSValueMethod" time="6.221" errors="0" timestamp="2022-09-15T11:24:56 IST" skipped="0">
  <testcase classname="webelementinterface.GetCSSValueMethod" name="verifyColourOfErrormessageonFBloginPage" time="6.221"/>
  <system-out/>
</testsuite> <!-- webelementinterface.GetCSSValueMethod -->
