<?xml version="1.0" encoding="UTF-8"?>
<!-- Generated by org.testng.reporters.JUnitReportReporter -->
<testsuite hostname="DESKTOP-9LLI94A" failures="0" tests="1" name="takesScreenshotinterface.CaptureScreenshot" time="10.126" errors="0" timestamp="2022-09-10T15:24:04 IST" skipped="0">
  <testcase classname="takesScreenshotinterface.CaptureScreenshot" name="take_Screenshot" time="10.126"/>
  <system-out/>
</testsuite> <!-- takesScreenshotinterface.CaptureScreenshot -->
