<?xml version="1.0" encoding="UTF-8"?>
<!-- Generated by org.testng.reporters.JUnitReportReporter -->
<testsuite hostname="DESKTOP-9LLI94A" failures="0" tests="1" name="javascriptexecutor.ScrollUpAndDown" time="65.576" errors="0" timestamp="2022-09-15T14:44:25 IST" skipped="0">
  <testcase classname="javascriptexecutor.ScrollUpAndDown" name="scrollUpAndDownPage" time="65.576"/>
  <system-out/>
</testsuite> <!-- javascriptexecutor.ScrollUpAndDown -->
