<?xml version="1.0" encoding="UTF-8"?>
<!-- Generated by org.testng.reporters.JUnitReportReporter -->
<testsuite hostname="DESKTOP-9LLI94A" failures="0" tests="1" name="nokarisiteelementbyxpath.ElementByXpath" time="46.358" errors="0" timestamp="2022-09-13T15:46:00 IST" skipped="0">
  <testcase classname="nokarisiteelementbyxpath.ElementByXpath" name="registerPageOfNokariSite" time="46.358"/>
  <system-out/>
</testsuite> <!-- nokarisiteelementbyxpath.ElementByXpath -->
