<?xml version="1.0" encoding="UTF-8"?>
<!-- Generated by org.testng.reporters.JUnitReportReporter -->
<testsuite hostname="DESKTOP-9LLI94A" failures="0" tests="1" name="com.robotclass.RobotClass" time="10.861" errors="0" timestamp="2022-09-10T16:54:49 IST" skipped="0">
  <testcase classname="com.robotclass.RobotClass" name="verifyKeyboard_Mouse_Operations" time="10.861"/>
  <system-out/>
</testsuite> <!-- com.robotclass.RobotClass -->
