<?xml version="1.0" encoding="UTF-8"?>
<!-- Generated by org.testng.reporters.JUnitReportReporter -->
<testsuite hostname="DESKTOP-9LLI94A" failures="0" tests="1" name="handlingpopups.CloseChildBrowserOnly" time="19.536" errors="0" timestamp="2022-09-22T10:13:09 IST" skipped="0">
  <testcase classname="handlingpopups.CloseChildBrowserOnly" name="closeALLChildbrowsersOnly" time="19.536"/>
  <system-out/>
</testsuite> <!-- handlingpopups.CloseChildBrowserOnly -->
