<?xml version="1.0" encoding="UTF-8"?>
<!-- Generated by org.testng.reporters.JUnitReportReporter -->
<testsuite hostname="DESKTOP-9LLI94A" failures="0" tests="1" name="handlingpopups.Print_WindowHanndle" time="6.506" errors="0" timestamp="2022-09-19T13:06:52 IST" skipped="0">
  <testcase classname="handlingpopups.Print_WindowHanndle" name="print_WindowHanndle" time="6.506"/>
  <system-out/>
</testsuite> <!-- handlingpopups.Print_WindowHanndle -->
