<?xml version="1.0" encoding="UTF-8"?>
<!-- Generated by org.testng.reporters.JUnitReportReporter -->
<testsuite hostname="DESKTOP-9LLI94A" failures="0" tests="1" name="handlingpopups.CloseMainBrowser" time="59.739" errors="0" timestamp="2022-09-22T10:16:57 IST" skipped="0">
  <testcase classname="handlingpopups.CloseMainBrowser" name="closeMainBrowserOnly" time="59.739"/>
  <system-out/>
</testsuite> <!-- handlingpopups.CloseMainBrowser -->
