<?xml version="1.0" encoding="UTF-8"?>
<!-- Generated by org.testng.reporters.JUnitReportReporter -->
<testsuite hostname="DESKTOP-9LLI94A" failures="0" tests="1" name="webelementinterface.ClearMethod" time="30.832" errors="0" timestamp="2022-09-15T11:42:28 IST" skipped="0">
  <testcase classname="webelementinterface.ClearMethod" name="removeValuefromUsernameWithoutClearMethod" time="30.832"/>
  <system-out/>
</testsuite> <!-- webelementinterface.ClearMethod -->
